
> tesis-dashboard@2.0.0 build
> npm run build --workspace=@tesis/shared && npm run build:api && npm run build --workspace=frontend


> @tesis/shared@2.0.0 build
> tsc


> tesis-dashboard@2.0.0 build:api
> npm run build --workspace=backend


> backend@2.0.0 build
> tsc


> frontend@2.0.0 build
> next build

▲ Next.js 16.2.4 (Turbopack)
- Environments: .env.local

  Creating an optimized production build ...
✓ Compiled successfully in 28.1s
  Running TypeScript ...
  Finished TypeScript in 19.8s ...
  Collecting page data using 6 workers ...
  Generating static pages using 6 workers (0/5) ...
  Generating static pages using 6 workers (1/5) 
  Generating static pages using 6 workers (2/5) 
  Generating static pages using 6 workers (3/5) 
✓ Generating static pages using 6 workers (5/5) in 2.7s
  Finalizing page optimization ...

Route (app)
┌ ○ /
├ ○ /_not-found
└ ○ /login


○  (Static)  prerendered as static content

